[debug] [2022-11-06T21:15:35.177Z] ----------------------------------------------------------------------
[debug] [2022-11-06T21:15:35.178Z] Command:       /usr/local/bin/node /usr/local/bin/firebase init
[debug] [2022-11-06T21:15:35.178Z] CLI Version:   11.16.0
[debug] [2022-11-06T21:15:35.178Z] Platform:      darwin
[debug] [2022-11-06T21:15:35.178Z] Node Version:  v16.13.2
[debug] [2022-11-06T21:15:35.179Z] Time:          Sun Nov 06 2022 14:15:35 GMT-0700 (Mountain Standard Time)
[debug] [2022-11-06T21:15:35.179Z] ----------------------------------------------------------------------
[debug] 
[debug] [2022-11-06T21:15:35.181Z] >>> [apiv2][query] GET https://firebase-public.firebaseio.com/cli.json [none]
[debug] [2022-11-06T21:15:35.190Z] > command requires scopes: ["email","openid","https://www.googleapis.com/auth/cloudplatformprojects.readonly","https://www.googleapis.com/auth/firebase","https://www.googleapis.com/auth/cloud-platform"]
[debug] [2022-11-06T21:15:35.190Z] > authorizing via signed-in user (lightstudios4u@gmail.com)
[info] 
     ######## #### ########  ######## ########     ###     ######  ########
     ##        ##  ##     ## ##       ##     ##  ##   ##  ##       ##
     ######    ##  ########  ######   ########  #########  ######  ######
     ##        ##  ##    ##  ##       ##     ## ##     ##       ## ##
     ##       #### ##     ## ######## ########  ##     ##  ######  ########

You're about to initialize a Firebase project in this directory:

  /Volumes/JonHD/React/denverjam

Before we get started, keep in mind:

  * You are currently outside your home directory

[debug] [2022-11-06T21:15:35.276Z] <<< [apiv2][status] GET https://firebase-public.firebaseio.com/cli.json 200
[debug] [2022-11-06T21:15:35.276Z] <<< [apiv2][body] GET https://firebase-public.firebaseio.com/cli.json {"cloudBuildErrorAfter":1594252800000,"cloudBuildWarnAfter":1590019200000,"defaultNode10After":1594252800000,"minVersion":"3.0.5","node8DeploysDisabledAfter":1613390400000,"node8RuntimeDisabledAfter":1615809600000,"node8WarnAfter":1600128000000}
[info] 
=== Project Setup
[info] 
[info] First, let's associate this project directory with a Firebase project.
[info] You can create multiple project aliases by running firebase use --add, 
[info] but for now we'll just set up a default project.
[info] 
[debug] [2022-11-06T21:15:46.862Z] > refreshing access token with scopes: []
[debug] [2022-11-06T21:15:46.864Z] >>> [apiv2][query] POST https://www.googleapis.com/oauth2/v3/token [none]
[debug] [2022-11-06T21:15:46.864Z] >>> [apiv2][body] POST https://www.googleapis.com/oauth2/v3/token [omitted]
[debug] [2022-11-06T21:15:46.996Z] <<< [apiv2][status] POST https://www.googleapis.com/oauth2/v3/token 200
[debug] [2022-11-06T21:15:46.996Z] <<< [apiv2][body] POST https://www.googleapis.com/oauth2/v3/token [omitted]
[debug] [2022-11-06T21:15:47.039Z] >>> [apiv2][query] GET https://firebase.googleapis.com/v1beta1/projects pageSize=100
[debug] [2022-11-06T21:15:47.406Z] <<< [apiv2][status] GET https://firebase.googleapis.com/v1beta1/projects 200
[debug] [2022-11-06T21:15:47.406Z] <<< [apiv2][body] GET https://firebase.googleapis.com/v1beta1/projects [omitted]
[info] i  Using project denveropenjam (denveropenjam) 
[info] 
=== Hosting Setup
[info] 
[info] Your public directory is the folder (relative to your project directory) that
[info] will contain Hosting assets to be uploaded with firebase deploy. If you
[info] have a build process for your assets, use your build's output directory.
[info] 
[info] ✔  Wrote build/404.html 
[debug] [2022-11-06T21:16:06.322Z] >>> [apiv2][query] GET https://www.gstatic.com/firebasejs/releases.json [none]
[debug] [2022-11-06T21:16:06.431Z] <<< [apiv2][status] GET https://www.gstatic.com/firebasejs/releases.json 200
[debug] [2022-11-06T21:16:06.431Z] <<< [apiv2][body] GET https://www.gstatic.com/firebasejs/releases.json {"current":{"version":"9.13.0","browserURL":"https://www.gstatic.com/firebasejs/9.13.0/firebase.js","packageURL":"https://www.gstatic.com/firebasejs/9.13.0/firebase.tgz"},"live":{"version":"9.13","browserURL":"https://www.gstatic.com/firebasejs/live/9.13/firebase.js","packageURL":"https://www.gstatic.com/firebasejs/live/9.13/firebase.tgz"},"components":{"analytics":"https://www.gstatic.com/firebasejs/9.13.0/firebase-analytics.js","app":"https://www.gstatic.com/firebasejs/9.13.0/firebase-app.js","app-check":"https://www.gstatic.com/firebasejs/9.13.0/firebase-app-check.js","auth":"https://www.gstatic.com/firebasejs/9.13.0/firebase-auth.js","auth/cordova":"https://www.gstatic.com/firebasejs/9.13.0/firebase-auth/cordova.js","auth/react-native":"https://www.gstatic.com/firebasejs/9.13.0/firebase-auth/react-native.js","functions":"https://www.gstatic.com/firebasejs/9.13.0/firebase-functions.js","firestore":"https://www.gstatic.com/firebasejs/9.13.0/firebase-firestore.js","firestore/lite":"https://www.gstatic.com/firebasejs/9.13.0/firebase-firestore/lite.js","installations":"https://www.gstatic.com/firebasejs/9.13.0/firebase-installations.js","storage":"https://www.gstatic.com/firebasejs/9.13.0/firebase-storage.js","performance":"https://www.gstatic.com/firebasejs/9.13.0/firebase-performance.js","remote-config":"https://www.gstatic.com/firebasejs/9.13.0/firebase-remote-config.js","messaging":"https://www.gstatic.com/firebasejs/9.13.0/firebase-messaging.js","messaging/sw":"https://www.gstatic.com/firebasejs/9.13.0/firebase-messaging/sw.js","database":"https://www.gstatic.com/firebasejs/9.13.0/firebase-database.js","firestore.memory":"https://www.gstatic.com/firebasejs/9.13.0/firebase-firestore.memory.js"}}
[info] ✔  Wrote build/index.html 
[info] 
[info] i  Detected a .git folder at /Volumes/JonHD/React/denverjam 
[info] i  Authorizing with GitHub to upload your service account to a GitHub repository's secrets store. 
[info] 
[info] Visit this URL on this device to log in:
[info] https://github.com/login/oauth/authorize?client_id=89cf50f02ac6aaed3484&state=1066534246&redirect_uri=http%3A%2F%2Flocalhost%3A9005&scope=read%3Auser%20repo%20public_repo
[info] 
[info] Waiting for authentication...
[debug] [2022-11-06T21:16:38.416Z] >>> [apiv2][query] POST https://github.com/login/oauth/access_token [none]
[debug] [2022-11-06T21:16:38.416Z] >>> [apiv2][body] POST https://github.com/login/oauth/access_token [stream]
[debug] [2022-11-06T21:16:38.748Z] <<< [apiv2][status] POST https://github.com/login/oauth/access_token 200
[debug] [2022-11-06T21:16:38.749Z] <<< [apiv2][body] POST https://github.com/login/oauth/access_token {"access_token":"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","token_type":"bearer","scope":"read:user,repo"}
[debug] [2022-11-06T21:16:38.758Z] >>> [apiv2][query] GET https://api.github.com/user [none]
[debug] [2022-11-06T21:16:39.065Z] <<< [apiv2][status] GET https://api.github.com/user 200
[debug] [2022-11-06T21:16:39.065Z] <<< [apiv2][body] GET https://api.github.com/user {"login":"lightstudios4u","id":109875338,"node_id":"U_kgDOBoyQig","avatar_url":"https://avatars.githubusercontent.com/u/109875338?v=4","gravatar_id":"","url":"https://api.github.com/users/lightstudios4u","html_url":"https://github.com/lightstudios4u","followers_url":"https://api.github.com/users/lightstudios4u/followers","following_url":"https://api.github.com/users/lightstudios4u/following{/other_user}","gists_url":"https://api.github.com/users/lightstudios4u/gists{/gist_id}","starred_url":"https://api.github.com/users/lightstudios4u/starred{/owner}{/repo}","subscriptions_url":"https://api.github.com/users/lightstudios4u/subscriptions","organizations_url":"https://api.github.com/users/lightstudios4u/orgs","repos_url":"https://api.github.com/users/lightstudios4u/repos","events_url":"https://api.github.com/users/lightstudios4u/events{/privacy}","received_events_url":"https://api.github.com/users/lightstudios4u/received_events","type":"User","site_admin":false,"name":null,"company":null,"blog":"","location":null,"email":null,"hireable":null,"bio":null,"twitter_username":null,"public_repos":0,"public_gists":0,"followers":0,"following":0,"created_at":"2022-07-23T19:57:48Z","updated_at":"2022-07-23T19:57:48Z","private_gists":0,"total_private_repos":2,"owned_private_repos":2,"disk_usage":1607,"collaborators":0,"two_factor_authentication":false,"plan":{"name":"free","space":976562499,"collaborators":0,"private_repos":10000}}
[info] 
[info] ✔  Success! Logged into GitHub as lightstudios4u 
[info] 
[debug] [2022-11-06T21:18:21.591Z] >>> [apiv2][query] GET https://api.github.com/repos/lighstudios4u/Denver-Open-Jam/actions/secrets/public-key type=owner
[debug] [2022-11-06T21:18:21.867Z] <<< [apiv2][status] GET https://api.github.com/repos/lighstudios4u/Denver-Open-Jam/actions/secrets/public-key 404
[debug] [2022-11-06T21:18:21.867Z] <<< [apiv2][body] GET https://api.github.com/repos/lighstudios4u/Denver-Open-Jam/actions/secrets/public-key {"message":"Not Found","documentation_url":"https://docs.github.com/rest/reference/actions#get-a-repository-public-key"}
[debug] [2022-11-06T21:18:28.101Z] >>> [apiv2][query] GET https://api.github.com/repos/lighstudios4u/Denver-Open-Jam/actions/secrets/public-key type=owner
[debug] [2022-11-06T21:18:28.344Z] <<< [apiv2][status] GET https://api.github.com/repos/lighstudios4u/Denver-Open-Jam/actions/secrets/public-key 404
[debug] [2022-11-06T21:18:28.345Z] <<< [apiv2][body] GET https://api.github.com/repos/lighstudios4u/Denver-Open-Jam/actions/secrets/public-key {"message":"Not Found","documentation_url":"https://docs.github.com/rest/reference/actions#get-a-repository-public-key"}
[debug] [2022-11-06T21:18:34.049Z] >>> [apiv2][query] GET https://api.github.com/repos/lighstudios4u/Denver-Open-Jam/actions/secrets/public-key type=owner
[debug] [2022-11-06T21:18:34.265Z] >>> [apiv2][query] GET https://api.github.com/repos//actions/secrets/public-key type=owner
[debug] [2022-11-06T21:18:34.279Z] <<< [apiv2][status] GET https://api.github.com/repos/lighstudios4u/Denver-Open-Jam/actions/secrets/public-key 404
[debug] [2022-11-06T21:18:34.279Z] <<< [apiv2][body] GET https://api.github.com/repos/lighstudios4u/Denver-Open-Jam/actions/secrets/public-key {"message":"Not Found","documentation_url":"https://docs.github.com/rest/reference/actions#get-a-repository-public-key"}
[debug] [2022-11-06T21:18:34.376Z] >>> [apiv2][query] GET https://api.github.com/repos/lighstudios4u/Denver-Open-Jam/actions/secrets/public-key type=owner
[debug] [2022-11-06T21:18:34.488Z] <<< [apiv2][status] GET https://api.github.com/repos//actions/secrets/public-key 404
[debug] [2022-11-06T21:18:34.488Z] <<< [apiv2][body] GET https://api.github.com/repos//actions/secrets/public-key {"message":"Not Found","documentation_url":"https://docs.github.com/rest"}
[debug] [2022-11-06T21:18:34.610Z] <<< [apiv2][status] GET https://api.github.com/repos/lighstudios4u/Denver-Open-Jam/actions/secrets/public-key 404
[debug] [2022-11-06T21:18:34.610Z] <<< [apiv2][body] GET https://api.github.com/repos/lighstudios4u/Denver-Open-Jam/actions/secrets/public-key {"message":"Not Found","documentation_url":"https://docs.github.com/rest/reference/actions#get-a-repository-public-key"}
[debug] [2022-11-06T21:18:35.409Z] >>> [apiv2][query] GET https://api.github.com/repos/lighstudios4u/Denver-Open-Jam/actions/secrets/public-key type=owner
[debug] [2022-11-06T21:18:35.636Z] <<< [apiv2][status] GET https://api.github.com/repos/lighstudios4u/Denver-Open-Jam/actions/secrets/public-key 404
[debug] [2022-11-06T21:18:35.636Z] <<< [apiv2][body] GET https://api.github.com/repos/lighstudios4u/Denver-Open-Jam/actions/secrets/public-key {"message":"Not Found","documentation_url":"https://docs.github.com/rest/reference/actions#get-a-repository-public-key"}
